<?xml version="1.0" encoding="UTF-8"?>
<!-- Generated by org.testng.reporters.JUnitReportReporter -->
<testsuite hostname="LAPTOP-NTBPMJL5" failures="0" tests="1" name="step_definitions.Runner" time="8.805" errors="0" timestamp="2024-06-25T17:46:36 PDT" skipped="0">
  <testcase classname="step_definitions.Runner" name="runScenario" time="8.805"/>
  <system-out/>
</testsuite> <!-- step_definitions.Runner -->
